{"meta": {"format": 3, "version": "7.6.1", "timestamp": "2025-07-27T02:37:24.824424", "branch_coverage": false, "show_contexts": false}, "files": {"gui/emulator_gui.py": {"executed_lines": [8, 9, 10, 11, 12, 15, 16, 17, 18, 19, 20, 21, 22, 25, 26, 27, 30], "summary": {"covered_lines": 17, "num_statements": 138, "percent_covered": 12.318840579710145, "percent_covered_display": "12", "missing_lines": 121, "excluded_lines": 0}, "missing_lines": [31, 32, 34, 35, 36, 37, 38, 39, 41, 42, 43, 44, 45, 46, 48, 49, 50, 51, 52, 53, 54, 56, 57, 58, 59, 60, 61, 62, 64, 65, 66, 67, 68, 69, 71, 72, 77, 79, 80, 81, 83, 84, 85, 86, 87, 88, 89, 91, 92, 93, 94, 95, 96, 103, 104, 105, 106, 107, 108, 109, 110, 111, 112, 113, 114, 115, 116, 117, 118, 119, 120, 122, 124, 125, 128, 129, 131, 132, 133, 135, 136, 137, 138, 139, 140, 141, 142, 146, 147, 150, 151, 153, 154, 155, 156, 157, 158, 161, 162, 164, 165, 166, 167, 170, 171, 172, 173, 174, 176, 178, 179, 180, 181, 183, 184, 185, 186, 187, 189, 191, 192], "excluded_lines": [], "functions": {"log": {"executed_lines": [], "summary": {"covered_lines": 0, "num_statements": 5, "percent_covered": 0.0, "percent_covered_display": "0", "missing_lines": 5, "excluded_lines": 0}, "missing_lines": [35, 36, 37, 38, 39], "excluded_lines": []}, "load_config": {"executed_lines": [], "summary": {"covered_lines": 0, "num_statements": 12, "percent_covered": 0.0, "percent_covered_display": "0", "missing_lines": 12, "excluded_lines": 0}, "missing_lines": [42, 43, 44, 45, 46, 48, 49, 50, 51, 52, 53, 54], "excluded_lines": []}, "save_config": {"executed_lines": [], "summary": {"covered_lines": 0, "num_statements": 6, "percent_covered": 0.0, "percent_covered_display": "0", "missing_lines": 6, "excluded_lines": 0}, "missing_lines": [57, 58, 59, 60, 61, 62], "excluded_lines": []}, "export_trace": {"executed_lines": [], "summary": {"covered_lines": 0, "num_statements": 5, "percent_covered": 0.0, "percent_covered_display": "0", "missing_lines": 5, "excluded_lines": 0}, "missing_lines": [65, 66, 67, 68, 69], "excluded_lines": []}, "add_pattern_step": {"executed_lines": [], "summary": {"covered_lines": 0, "num_statements": 2, "percent_covered": 0.0, "percent_covered_display": "0", "missing_lines": 2, "excluded_lines": 0}, "missing_lines": [72, 77], "excluded_lines": []}, "clear_pattern": {"executed_lines": [], "summary": {"covered_lines": 0, "num_statements": 2, "percent_covered": 0.0, "percent_covered_display": "0", "missing_lines": 2, "excluded_lines": 0}, "missing_lines": [80, 81], "excluded_lines": []}, "render_preview": {"executed_lines": [], "summary": {"covered_lines": 0, "num_statements": 6, "percent_covered": 0.0, "percent_covered_display": "0", "missing_lines": 6, "excluded_lines": 0}, "missing_lines": [84, 85, 86, 87, 88, 89], "excluded_lines": []}, "build_firmware": {"executed_lines": [], "summary": {"covered_lines": 0, "num_statements": 23, "percent_covered": 0.0, "percent_covered_display": "0", "missing_lines": 23, "excluded_lines": 0}, "missing_lines": [92, 93, 94, 95, 96, 103, 104, 105, 106, 107, 108, 109, 110, 111, 112, 113, 114, 115, 116, 117, 118, 119, 120], "excluded_lines": []}, "gui_main": {"executed_lines": [], "summary": {"covered_lines": 0, "num_statements": 37, "percent_covered": 0.0, "percent_covered_display": "0", "missing_lines": 37, "excluded_lines": 0}, "missing_lines": [124, 125, 128, 129, 131, 132, 133, 135, 136, 137, 138, 139, 140, 141, 142, 146, 147, 150, 151, 153, 154, 155, 156, 157, 158, 161, 162, 164, 165, 166, 167, 170, 171, 172, 173, 174, 176], "excluded_lines": []}, "main": {"executed_lines": [], "summary": {"covered_lines": 0, "num_statements": 9, "percent_covered": 0.0, "percent_covered_display": "0", "missing_lines": 9, "excluded_lines": 0}, "missing_lines": [179, 180, 181, 183, 184, 185, 186, 187, 189], "excluded_lines": []}, "": {"executed_lines": [8, 9, 10, 11, 12, 15, 16, 17, 18, 19, 20, 21, 22, 25, 26, 27, 30], "summary": {"covered_lines": 17, "num_statements": 31, "percent_covered": 54.83870967741935, "percent_covered_display": "55", "missing_lines": 14, "excluded_lines": 0}, "missing_lines": [31, 32, 34, 41, 56, 64, 71, 79, 83, 91, 122, 178, 191, 192], "excluded_lines": []}}, "classes": {"": {"executed_lines": [8, 9, 10, 11, 12, 15, 16, 17, 18, 19, 20, 21, 22, 25, 26, 27, 30], "summary": {"covered_lines": 17, "num_statements": 138, "percent_covered": 12.318840579710145, "percent_covered_display": "12", "missing_lines": 121, "excluded_lines": 0}, "missing_lines": [31, 32, 34, 35, 36, 37, 38, 39, 41, 42, 43, 44, 45, 46, 48, 49, 50, 51, 52, 53, 54, 56, 57, 58, 59, 60, 61, 62, 64, 65, 66, 67, 68, 69, 71, 72, 77, 79, 80, 81, 83, 84, 85, 86, 87, 88, 89, 91, 92, 93, 94, 95, 96, 103, 104, 105, 106, 107, 108, 109, 110, 111, 112, 113, 114, 115, 116, 117, 118, 119, 120, 122, 124, 125, 128, 129, 131, 132, 133, 135, 136, 137, 138, 139, 140, 141, 142, 146, 147, 150, 151, 153, 154, 155, 156, 157, 158, 161, 162, 164, 165, 166, 167, 170, 171, 172, 173, 174, 176, 178, 179, 180, 181, 183, 184, 185, 186, 187, 189, 191, 192], "excluded_lines": []}}}, "integrity_checkpoint.py": {"executed_lines": [], "summary": {"covered_lines": 0, "num_statements": 61, "percent_covered": 0.0, "percent_covered_display": "0", "missing_lines": 61, "excluded_lines": 0}, "missing_lines": [7, 8, 9, 11, 22, 32, 41, 42, 44, 45, 46, 47, 48, 49, 51, 52, 53, 54, 55, 57, 58, 59, 60, 61, 63, 64, 65, 66, 67, 68, 69, 70, 71, 72, 73, 74, 76, 77, 78, 80, 81, 82, 83, 85, 86, 87, 88, 90, 91, 92, 93, 95, 96, 97, 99, 101, 102, 104, 105, 107, 108], "excluded_lines": [], "functions": {"sha256sum": {"executed_lines": [], "summary": {"covered_lines": 0, "num_statements": 5, "percent_covered": 0.0, "percent_covered_display": "0", "missing_lines": 5, "excluded_lines": 0}, "missing_lines": [45, 46, 47, 48, 49], "excluded_lines": []}, "check_file": {"executed_lines": [], "summary": {"covered_lines": 0, "num_statements": 4, "percent_covered": 0.0, "percent_covered_display": "0", "missing_lines": 4, "excluded_lines": 0}, "missing_lines": [52, 53, 54, 55], "excluded_lines": []}, "check_dir": {"executed_lines": [], "summary": {"covered_lines": 0, "num_statements": 4, "percent_covered": 0.0, "percent_covered_display": "0", "missing_lines": 4, "excluded_lines": 0}, "missing_lines": [58, 59, 60, 61], "excluded_lines": []}, "check_hash": {"executed_lines": [], "summary": {"covered_lines": 0, "num_statements": 11, "percent_covered": 0.0, "percent_covered_display": "0", "missing_lines": 11, "excluded_lines": 0}, "missing_lines": [64, 65, 66, 67, 68, 69, 70, 71, 72, 73, 74], "excluded_lines": []}, "main": {"executed_lines": [], "summary": {"covered_lines": 0, "num_statements": 22, "percent_covered": 0.0, "percent_covered_display": "0", "missing_lines": 22, "excluded_lines": 0}, "missing_lines": [77, 78, 80, 81, 82, 83, 85, 86, 87, 88, 90, 91, 92, 93, 95, 96, 97, 99, 101, 102, 104, 105], "excluded_lines": []}, "": {"executed_lines": [], "summary": {"covered_lines": 0, "num_statements": 15, "percent_covered": 0.0, "percent_covered_display": "0", "missing_lines": 15, "excluded_lines": 0}, "missing_lines": [7, 8, 9, 11, 22, 32, 41, 42, 44, 51, 57, 63, 76, 107, 108], "excluded_lines": []}}, "classes": {"": {"executed_lines": [], "summary": {"covered_lines": 0, "num_statements": 61, "percent_covered": 0.0, "percent_covered_display": "0", "missing_lines": 61, "excluded_lines": 0}, "missing_lines": [7, 8, 9, 11, 22, 32, 41, 42, 44, 45, 46, 47, 48, 49, 51, 52, 53, 54, 55, 57, 58, 59, 60, 61, 63, 64, 65, 66, 67, 68, 69, 70, 71, 72, 73, 74, 76, 77, 78, 80, 81, 82, 83, 85, 86, 87, 88, 90, 91, 92, 93, 95, 96, 97, 99, 101, 102, 104, 105, 107, 108], "excluded_lines": []}}}, "scripts/render_config_to_ino.py": {"executed_lines": [8, 9, 10, 11, 12, 13, 14, 15, 17, 18, 19, 20, 21, 22, 24, 31, 32, 33, 35, 36, 37, 42, 64, 82, 83, 84, 85, 86, 87, 88, 90, 92, 93, 94, 97, 98, 99, 104, 105], "summary": {"covered_lines": 39, "num_statements": 69, "percent_covered": 56.52173913043478, "percent_covered_display": "57", "missing_lines": 30, "excluded_lines": 0}, "missing_lines": [25, 26, 27, 28, 29, 38, 39, 40, 43, 44, 45, 46, 48, 57, 58, 59, 61, 62, 65, 66, 67, 77, 78, 79, 80, 95, 96, 100, 101, 102], "excluded_lines": [], "functions": {"sha256_file": {"executed_lines": [], "summary": {"covered_lines": 0, "num_statements": 5, "percent_covered": 0.0, "percent_covered_display": "0", "missing_lines": 5, "excluded_lines": 0}, "missing_lines": [25, 26, 27, 28, 29], "excluded_lines": []}, "load_json": {"executed_lines": [32, 33], "summary": {"covered_lines": 2, "num_statements": 2, "percent_covered": 100.0, "percent_covered_display": "100", "missing_lines": 0, "excluded_lines": 0}, "missing_lines": [], "excluded_lines": []}, "validate_config": {"executed_lines": [36, 37], "summary": {"covered_lines": 2, "num_statements": 5, "percent_covered": 40.0, "percent_covered_display": "40", "missing_lines": 3, "excluded_lines": 0}, "missing_lines": [38, 39, 40], "excluded_lines": []}, "render_firmware": {"executed_lines": [], "summary": {"covered_lines": 0, "num_statements": 10, "percent_covered": 0.0, "percent_covered_display": "0", "missing_lines": 10, "excluded_lines": 0}, "missing_lines": [43, 44, 45, 46, 48, 57, 58, 59, 61, 62], "excluded_lines": []}, "write_metadata": {"executed_lines": [], "summary": {"covered_lines": 0, "num_statements": 7, "percent_covered": 0.0, "percent_covered_display": "0", "missing_lines": 7, "excluded_lines": 0}, "missing_lines": [65, 66, 67, 77, 78, 79, 80], "excluded_lines": []}, "main": {"executed_lines": [83, 84, 85, 86, 87, 88, 90, 92, 93, 94, 97, 98, 99], "summary": {"covered_lines": 13, "num_statements": 18, "percent_covered": 72.22222222222223, "percent_covered_display": "72", "missing_lines": 5, "excluded_lines": 0}, "missing_lines": [95, 96, 100, 101, 102], "excluded_lines": []}, "": {"executed_lines": [8, 9, 10, 11, 12, 13, 14, 15, 17, 18, 19, 20, 21, 22, 24, 31, 35, 42, 64, 82, 104, 105], "summary": {"covered_lines": 22, "num_statements": 22, "percent_covered": 100.0, "percent_covered_display": "100", "missing_lines": 0, "excluded_lines": 0}, "missing_lines": [], "excluded_lines": []}}, "classes": {"": {"executed_lines": [8, 9, 10, 11, 12, 13, 14, 15, 17, 18, 19, 20, 21, 22, 24, 31, 32, 33, 35, 36, 37, 42, 64, 82, 83, 84, 85, 86, 87, 88, 90, 92, 93, 94, 97, 98, 99, 104, 105], "summary": {"covered_lines": 39, "num_statements": 69, "percent_covered": 56.52173913043478, "percent_covered_display": "57", "missing_lines": 30, "excluded_lines": 0}, "missing_lines": [25, 26, 27, 28, 29, 38, 39, 40, 43, 44, 45, 46, 48, 57, 58, 59, 61, 62, 65, 66, 67, 77, 78, 79, 80, 95, 96, 100, 101, 102], "excluded_lines": []}}}, "scripts/telemetry.py": {"executed_lines": [7, 8, 10, 11, 13, 14, 15, 17, 19, 21, 22, 23, 24, 25, 27, 29, 30, 31, 32, 33], "summary": {"covered_lines": 20, "num_statements": 20, "percent_covered": 100.0, "percent_covered_display": "100", "missing_lines": 0, "excluded_lines": 0}, "missing_lines": [], "excluded_lines": [], "functions": {"_log_path": {"executed_lines": [14, 15], "summary": {"covered_lines": 2, "num_statements": 2, "percent_covered": 100.0, "percent_covered_display": "100", "missing_lines": 0, "excluded_lines": 0}, "missing_lines": [], "excluded_lines": []}, "log": {"executed_lines": [21, 22, 23, 24, 25], "summary": {"covered_lines": 5, "num_statements": 5, "percent_covered": 100.0, "percent_covered_display": "100", "missing_lines": 0, "excluded_lines": 0}, "missing_lines": [], "excluded_lines": []}, "log_with_path": {"executed_lines": [29, 30, 31, 32, 33], "summary": {"covered_lines": 5, "num_statements": 5, "percent_covered": 100.0, "percent_covered_display": "100", "missing_lines": 0, "excluded_lines": 0}, "missing_lines": [], "excluded_lines": []}, "": {"executed_lines": [7, 8, 10, 11, 13, 17, 19, 27], "summary": {"covered_lines": 8, "num_statements": 8, "percent_covered": 100.0, "percent_covered_display": "100", "missing_lines": 0, "excluded_lines": 0}, "missing_lines": [], "excluded_lines": []}}, "classes": {"": {"executed_lines": [7, 8, 10, 11, 13, 14, 15, 17, 19, 21, 22, 23, 24, 25, 27, 29, 30, 31, 32, 33], "summary": {"covered_lines": 20, "num_statements": 20, "percent_covered": 100.0, "percent_covered_display": "100", "missing_lines": 0, "excluded_lines": 0}, "missing_lines": [], "excluded_lines": []}}}, "tests/test_batch_generation.py": {"executed_lines": [7, 8, 9, 10, 12, 13, 14, 15, 17, 18, 19, 20, 21, 22, 24, 25, 29, 30, 35, 36, 37, 38, 39], "summary": {"covered_lines": 23, "num_statements": 30, "percent_covered": 76.66666666666667, "percent_covered_display": "77", "missing_lines": 7, "excluded_lines": 0}, "missing_lines": [26, 27, 31, 32, 33, 40, 41], "excluded_lines": [], "functions": {"test_vehicle_assets_generated": {"executed_lines": [19, 20, 21, 22, 24, 25], "summary": {"covered_lines": 6, "num_statements": 8, "percent_covered": 75.0, "percent_covered_display": "75", "missing_lines": 2, "excluded_lines": 0}, "missing_lines": [26, 27], "excluded_lines": []}, "test_ino_syntax": {"executed_lines": [], "summary": {"covered_lines": 0, "num_statements": 3, "percent_covered": 0.0, "percent_covered_display": "0", "missing_lines": 3, "excluded_lines": 0}, "missing_lines": [31, 32, 33], "excluded_lines": []}, "test_all_configs_parsable": {"executed_lines": [36, 37, 38, 39], "summary": {"covered_lines": 4, "num_statements": 6, "percent_covered": 66.66666666666667, "percent_covered_display": "67", "missing_lines": 2, "excluded_lines": 0}, "missing_lines": [40, 41], "excluded_lines": []}, "": {"executed_lines": [7, 8, 9, 10, 12, 13, 14, 15, 17, 18, 29, 30, 35], "summary": {"covered_lines": 13, "num_statements": 13, "percent_covered": 100.0, "percent_covered_display": "100", "missing_lines": 0, "excluded_lines": 0}, "missing_lines": [], "excluded_lines": []}}, "classes": {"": {"executed_lines": [7, 8, 9, 10, 12, 13, 14, 15, 17, 18, 19, 20, 21, 22, 24, 25, 29, 30, 35, 36, 37, 38, 39], "summary": {"covered_lines": 23, "num_statements": 30, "percent_covered": 76.66666666666667, "percent_covered_display": "77", "missing_lines": 7, "excluded_lines": 0}, "missing_lines": [26, 27, 31, 32, 33, 40, 41], "excluded_lines": []}}}, "tests/test_compile_firmware.py": {"executed_lines": [7, 8, 9, 11, 12, 13, 14, 15, 17, 18, 20, 22, 23, 25, 26, 28, 35, 43, 44, 46, 47, 48], "summary": {"covered_lines": 22, "num_statements": 31, "percent_covered": 70.96774193548387, "percent_covered_display": "71", "missing_lines": 9, "excluded_lines": 0}, "missing_lines": [36, 37, 39, 40, 41, 49, 50, 51, 52], "excluded_lines": [], "functions": {"test_source_exists": {"executed_lines": [20], "summary": {"covered_lines": 1, "num_statements": 1, "percent_covered": 100.0, "percent_covered_display": "100", "missing_lines": 0, "excluded_lines": 0}, "missing_lines": [], "excluded_lines": []}, "test_compile_to_hex": {"executed_lines": [25, 26, 28, 35], "summary": {"covered_lines": 4, "num_statements": 9, "percent_covered": 44.44444444444444, "percent_covered_display": "44", "missing_lines": 5, "excluded_lines": 0}, "missing_lines": [36, 37, 39, 40, 41], "excluded_lines": []}, "test_copy_final_hex": {"executed_lines": [46, 47, 48], "summary": {"covered_lines": 3, "num_statements": 7, "percent_covered": 42.857142857142854, "percent_covered_display": "43", "missing_lines": 4, "excluded_lines": 0}, "missing_lines": [49, 50, 51, 52], "excluded_lines": []}, "": {"executed_lines": [7, 8, 9, 11, 12, 13, 14, 15, 17, 18, 22, 23, 43, 44], "summary": {"covered_lines": 14, "num_statements": 14, "percent_covered": 100.0, "percent_covered_display": "100", "missing_lines": 0, "excluded_lines": 0}, "missing_lines": [], "excluded_lines": []}}, "classes": {"": {"executed_lines": [7, 8, 9, 11, 12, 13, 14, 15, 17, 18, 20, 22, 23, 25, 26, 28, 35, 43, 44, 46, 47, 48], "summary": {"covered_lines": 22, "num_statements": 31, "percent_covered": 70.96774193548387, "percent_covered_display": "71", "missing_lines": 9, "excluded_lines": 0}, "missing_lines": [36, 37, 39, 40, 41, 49, 50, 51, 52], "excluded_lines": []}}}, "tests/test_emulator_build.py": {"executed_lines": [7, 8, 9, 10, 11, 12, 19, 20, 22, 23, 24, 30, 31, 32, 34, 35, 36, 38, 39, 40, 42, 43, 52, 53, 55, 56, 63], "summary": {"covered_lines": 27, "num_statements": 31, "percent_covered": 87.09677419354838, "percent_covered_display": "87", "missing_lines": 4, "excluded_lines": 0}, "missing_lines": [45, 50, 64, 65], "excluded_lines": [], "functions": {"test_gui_script_exists": {"executed_lines": [32], "summary": {"covered_lines": 1, "num_statements": 1, "percent_covered": 100.0, "percent_covered_display": "100", "missing_lines": 0, "excluded_lines": 0}, "missing_lines": [], "excluded_lines": []}, "test_virtualenv_detected": {"executed_lines": [36], "summary": {"covered_lines": 1, "num_statements": 1, "percent_covered": 100.0, "percent_covered_display": "100", "missing_lines": 0, "excluded_lines": 0}, "missing_lines": [], "excluded_lines": []}, "test_python_binary_available": {"executed_lines": [40], "summary": {"covered_lines": 1, "num_statements": 1, "percent_covered": 100.0, "percent_covered_display": "100", "missing_lines": 0, "excluded_lines": 0}, "missing_lines": [], "excluded_lines": []}, "test_tkinter_available": {"executed_lines": [], "summary": {"covered_lines": 0, "num_statements": 2, "percent_covered": 0.0, "percent_covered_display": "0", "missing_lines": 2, "excluded_lines": 0}, "missing_lines": [45, 50], "excluded_lines": []}, "test_gui_launch_dry_run": {"executed_lines": [55, 56, 63], "summary": {"covered_lines": 3, "num_statements": 5, "percent_covered": 60.0, "percent_covered_display": "60", "missing_lines": 2, "excluded_lines": 0}, "missing_lines": [64, 65], "excluded_lines": []}, "": {"executed_lines": [7, 8, 9, 10, 11, 12, 19, 20, 22, 23, 24, 30, 31, 34, 35, 38, 39, 42, 43, 52, 53], "summary": {"covered_lines": 21, "num_statements": 21, "percent_covered": 100.0, "percent_covered_display": "100", "missing_lines": 0, "excluded_lines": 0}, "missing_lines": [], "excluded_lines": []}}, "classes": {"": {"executed_lines": [7, 8, 9, 10, 11, 12, 19, 20, 22, 23, 24, 30, 31, 32, 34, 35, 36, 38, 39, 40, 42, 43, 52, 53, 55, 56, 63], "summary": {"covered_lines": 27, "num_statements": 31, "percent_covered": 87.09677419354838, "percent_covered_display": "87", "missing_lines": 4, "excluded_lines": 0}, "missing_lines": [45, 50, 64, 65], "excluded_lines": []}}}, "tests/test_emulator_gui.py": {"executed_lines": [7, 8, 9, 10, 11, 12, 14, 15, 21, 22, 24, 25, 26, 27, 28, 29, 30, 31, 32, 33, 35, 37, 38, 41, 43, 44, 45, 46, 47, 49, 51, 52, 53, 54, 55, 57, 59, 60, 61, 62, 63, 64, 65, 67, 69], "summary": {"covered_lines": 45, "num_statements": 46, "percent_covered": 97.82608695652173, "percent_covered_display": "98", "missing_lines": 1, "excluded_lines": 0}, "missing_lines": [39], "excluded_lines": [], "functions": {"setup_assets": {"executed_lines": [26, 27, 28, 29, 30, 31, 32, 33], "summary": {"covered_lines": 8, "num_statements": 8, "percent_covered": 100.0, "percent_covered_display": "100", "missing_lines": 0, "excluded_lines": 0}, "missing_lines": [], "excluded_lines": []}, "test_emulator_test_mode": {"executed_lines": [37, 38], "summary": {"covered_lines": 2, "num_statements": 3, "percent_covered": 66.66666666666667, "percent_covered_display": "67", "missing_lines": 1, "excluded_lines": 0}, "missing_lines": [39], "excluded_lines": []}, "test_gui_file_loading_json": {"executed_lines": [43, 44, 45, 46, 47], "summary": {"covered_lines": 5, "num_statements": 5, "percent_covered": 100.0, "percent_covered_display": "100", "missing_lines": 0, "excluded_lines": 0}, "missing_lines": [], "excluded_lines": []}, "test_gui_file_loading_yaml": {"executed_lines": [51, 52, 53, 54, 55], "summary": {"covered_lines": 5, "num_statements": 5, "percent_covered": 100.0, "percent_covered_display": "100", "missing_lines": 0, "excluded_lines": 0}, "missing_lines": [], "excluded_lines": []}, "test_pattern_structure_validity": {"executed_lines": [59, 60, 61, 62, 63, 64, 65], "summary": {"covered_lines": 7, "num_statements": 7, "percent_covered": 100.0, "percent_covered_display": "100", "missing_lines": 0, "excluded_lines": 0}, "missing_lines": [], "excluded_lines": []}, "test_firmware_script_presence": {"executed_lines": [69], "summary": {"covered_lines": 1, "num_statements": 1, "percent_covered": 100.0, "percent_covered_display": "100", "missing_lines": 0, "excluded_lines": 0}, "missing_lines": [], "excluded_lines": []}, "": {"executed_lines": [7, 8, 9, 10, 11, 12, 14, 15, 21, 22, 24, 25, 35, 41, 49, 57, 67], "summary": {"covered_lines": 17, "num_statements": 17, "percent_covered": 100.0, "percent_covered_display": "100", "missing_lines": 0, "excluded_lines": 0}, "missing_lines": [], "excluded_lines": []}}, "classes": {"": {"executed_lines": [7, 8, 9, 10, 11, 12, 14, 15, 21, 22, 24, 25, 26, 27, 28, 29, 30, 31, 32, 33, 35, 37, 38, 41, 43, 44, 45, 46, 47, 49, 51, 52, 53, 54, 55, 57, 59, 60, 61, 62, 63, 64, 65, 67, 69], "summary": {"covered_lines": 45, "num_statements": 46, "percent_covered": 97.82608695652173, "percent_covered_display": "98", "missing_lines": 1, "excluded_lines": 0}, "missing_lines": [39], "excluded_lines": []}}}, "tests/test_firmware_hex_placeholder.py": {"executed_lines": [13, 14, 16, 18, 19, 21, 22], "summary": {"covered_lines": 7, "num_statements": 8, "percent_covered": 87.5, "percent_covered_display": "88", "missing_lines": 1, "excluded_lines": 0}, "missing_lines": [23], "excluded_lines": [], "functions": {"test_hex_manifest_exists": {"executed_lines": [19], "summary": {"covered_lines": 1, "num_statements": 1, "percent_covered": 100.0, "percent_covered_display": "100", "missing_lines": 0, "excluded_lines": 0}, "missing_lines": [], "excluded_lines": []}, "test_hex_file_hashes_match_manifest": {"executed_lines": [], "summary": {"covered_lines": 0, "num_statements": 1, "percent_covered": 0.0, "percent_covered_display": "0", "missing_lines": 1, "excluded_lines": 0}, "missing_lines": [23], "excluded_lines": []}, "": {"executed_lines": [13, 14, 16, 18, 21, 22], "summary": {"covered_lines": 6, "num_statements": 6, "percent_covered": 100.0, "percent_covered_display": "100", "missing_lines": 0, "excluded_lines": 0}, "missing_lines": [], "excluded_lines": []}}, "classes": {"": {"executed_lines": [13, 14, 16, 18, 19, 21, 22], "summary": {"covered_lines": 7, "num_statements": 8, "percent_covered": 87.5, "percent_covered_display": "88", "missing_lines": 1, "excluded_lines": 0}, "missing_lines": [23], "excluded_lines": []}}}, "tests/test_firmware_pipeline.py": {"executed_lines": [1, 2, 3, 4, 5, 6, 8, 9, 10, 11, 12, 13, 15, 22, 23, 24, 25, 26, 31, 32, 33, 34, 38, 39, 40, 43, 44, 45, 46, 47, 50, 51, 52, 58, 59, 62, 63, 64, 65, 66, 67, 68, 69, 70, 75, 76, 77, 78, 79, 83, 84, 86, 87, 88, 89, 90, 95, 96, 97, 99, 100, 101, 102], "summary": {"covered_lines": 63, "num_statements": 73, "percent_covered": 86.3013698630137, "percent_covered_display": "86", "missing_lines": 10, "excluded_lines": 0}, "missing_lines": [27, 28, 35, 36, 71, 72, 80, 81, 91, 92], "excluded_lines": [], "functions": {"test_ino_file_exists_and_utf8_clean": {"executed_lines": [23, 24, 25, 26], "summary": {"covered_lines": 4, "num_statements": 6, "percent_covered": 66.66666666666667, "percent_covered_display": "67", "missing_lines": 2, "excluded_lines": 0}, "missing_lines": [27, 28], "excluded_lines": []}, "test_metadata_file_valid_schema": {"executed_lines": [32, 33, 34, 38, 39, 40], "summary": {"covered_lines": 6, "num_statements": 8, "percent_covered": 75.0, "percent_covered_display": "75", "missing_lines": 2, "excluded_lines": 0}, "missing_lines": [35, 36], "excluded_lines": []}, "test_sha256_hash_matches_file": {"executed_lines": [44, 45, 46, 47], "summary": {"covered_lines": 4, "num_statements": 4, "percent_covered": 100.0, "percent_covered_display": "100", "missing_lines": 0, "excluded_lines": 0}, "missing_lines": [], "excluded_lines": []}, "test_flash_pattern_logic_present": {"executed_lines": [51, 52, 58, 59], "summary": {"covered_lines": 4, "num_statements": 4, "percent_covered": 100.0, "percent_covered_display": "100", "missing_lines": 0, "excluded_lines": 0}, "missing_lines": [], "excluded_lines": []}, "test_delivery_zip_contents_and_integrity": {"executed_lines": [63, 64, 65, 66, 67, 68, 69, 70], "summary": {"covered_lines": 8, "num_statements": 10, "percent_covered": 80.0, "percent_covered_display": "80", "missing_lines": 2, "excluded_lines": 0}, "missing_lines": [71, 72], "excluded_lines": []}, "test_delivery_log_structure_and_content": {"executed_lines": [76, 77, 78, 79, 83, 84, 86, 87, 88, 89, 90], "summary": {"covered_lines": 11, "num_statements": 15, "percent_covered": 73.33333333333333, "percent_covered_display": "73", "missing_lines": 4, "excluded_lines": 0}, "missing_lines": [80, 81, 91, 92], "excluded_lines": []}, "test_negative_metadata_missing_key": {"executed_lines": [96, 97, 99, 100, 101, 102], "summary": {"covered_lines": 6, "num_statements": 6, "percent_covered": 100.0, "percent_covered_display": "100", "missing_lines": 0, "excluded_lines": 0}, "missing_lines": [], "excluded_lines": []}, "": {"executed_lines": [1, 2, 3, 4, 5, 6, 8, 9, 10, 11, 12, 13, 15, 22, 31, 43, 50, 62, 75, 95], "summary": {"covered_lines": 20, "num_statements": 20, "percent_covered": 100.0, "percent_covered_display": "100", "missing_lines": 0, "excluded_lines": 0}, "missing_lines": [], "excluded_lines": []}}, "classes": {"": {"executed_lines": [1, 2, 3, 4, 5, 6, 8, 9, 10, 11, 12, 13, 15, 22, 23, 24, 25, 26, 31, 32, 33, 34, 38, 39, 40, 43, 44, 45, 46, 47, 50, 51, 52, 58, 59, 62, 63, 64, 65, 66, 67, 68, 69, 70, 75, 76, 77, 78, 79, 83, 84, 86, 87, 88, 89, 90, 95, 96, 97, 99, 100, 101, 102], "summary": {"covered_lines": 63, "num_statements": 73, "percent_covered": 86.3013698630137, "percent_covered_display": "86", "missing_lines": 10, "excluded_lines": 0}, "missing_lines": [27, 28, 35, 36, 71, 72, 80, 81, 91, 92], "excluded_lines": []}}}, "tests/test_flash_logs.py": {"executed_lines": [6, 7, 8, 10, 11, 13, 14], "summary": {"covered_lines": 7, "num_statements": 18, "percent_covered": 38.888888888888886, "percent_covered_display": "39", "missing_lines": 11, "excluded_lines": 0}, "missing_lines": [15, 16, 17, 19, 20, 21, 22, 23, 24, 25, 27], "excluded_lines": [], "functions": {"test_flash_log_exists_and_success": {"executed_lines": [], "summary": {"covered_lines": 0, "num_statements": 11, "percent_covered": 0.0, "percent_covered_display": "0", "missing_lines": 11, "excluded_lines": 0}, "missing_lines": [15, 16, 17, 19, 20, 21, 22, 23, 24, 25, 27], "excluded_lines": []}, "": {"executed_lines": [6, 7, 8, 10, 11, 13, 14], "summary": {"covered_lines": 7, "num_statements": 7, "percent_covered": 100.0, "percent_covered_display": "100", "missing_lines": 0, "excluded_lines": 0}, "missing_lines": [], "excluded_lines": []}}, "classes": {"": {"executed_lines": [6, 7, 8, 10, 11, 13, 14], "summary": {"covered_lines": 7, "num_statements": 18, "percent_covered": 38.888888888888886, "percent_covered_display": "39", "missing_lines": 11, "excluded_lines": 0}, "missing_lines": [15, 16, 17, 19, 20, 21, 22, 23, 24, 25, 27], "excluded_lines": []}}}, "tests/test_pattern_validator.py": {"executed_lines": [7, 8, 9, 10, 12, 14, 21, 27, 33, 34, 35, 36, 37, 39, 41, 43, 45, 46, 48, 50, 51], "summary": {"covered_lines": 21, "num_statements": 21, "percent_covered": 100.0, "percent_covered_display": "100", "missing_lines": 0, "excluded_lines": 0}, "missing_lines": [], "excluded_lines": [], "functions": {"schema": {"executed_lines": [35, 36, 37], "summary": {"covered_lines": 3, "num_statements": 3, "percent_covered": 100.0, "percent_covered_display": "100", "missing_lines": 0, "excluded_lines": 0}, "missing_lines": [], "excluded_lines": []}, "test_valid_config_passes": {"executed_lines": [41], "summary": {"covered_lines": 1, "num_statements": 1, "percent_covered": 100.0, "percent_covered_display": "100", "missing_lines": 0, "excluded_lines": 0}, "missing_lines": [], "excluded_lines": []}, "test_missing_field_fails": {"executed_lines": [45, 46], "summary": {"covered_lines": 2, "num_statements": 2, "percent_covered": 100.0, "percent_covered_display": "100", "missing_lines": 0, "excluded_lines": 0}, "missing_lines": [], "excluded_lines": []}, "test_wrong_type_fails": {"executed_lines": [50, 51], "summary": {"covered_lines": 2, "num_statements": 2, "percent_covered": 100.0, "percent_covered_display": "100", "missing_lines": 0, "excluded_lines": 0}, "missing_lines": [], "excluded_lines": []}, "": {"executed_lines": [7, 8, 9, 10, 12, 14, 21, 27, 33, 34, 39, 43, 48], "summary": {"covered_lines": 13, "num_statements": 13, "percent_covered": 100.0, "percent_covered_display": "100", "missing_lines": 0, "excluded_lines": 0}, "missing_lines": [], "excluded_lines": []}}, "classes": {"": {"executed_lines": [7, 8, 9, 10, 12, 14, 21, 27, 33, 34, 35, 36, 37, 39, 41, 43, 45, 46, 48, 50, 51], "summary": {"covered_lines": 21, "num_statements": 21, "percent_covered": 100.0, "percent_covered_display": "100", "missing_lines": 0, "excluded_lines": 0}, "missing_lines": [], "excluded_lines": []}}}, "tests/test_render_config_to_ino.py": {"executed_lines": [8, 9, 10, 11, 12, 15, 16, 17, 20, 21, 23, 25, 26, 28, 37, 53, 55, 56, 58, 67, 68, 70, 72, 73, 75, 84, 85], "summary": {"covered_lines": 27, "num_statements": 39, "percent_covered": 69.23076923076923, "percent_covered_display": "69", "missing_lines": 12, "excluded_lines": 0}, "missing_lines": [38, 39, 41, 42, 43, 44, 45, 47, 48, 49, 50, 51], "excluded_lines": [], "functions": {"test_render_success": {"executed_lines": [25, 26, 28, 37], "summary": {"covered_lines": 4, "num_statements": 16, "percent_covered": 25.0, "percent_covered_display": "25", "missing_lines": 12, "excluded_lines": 0}, "missing_lines": [38, 39, 41, 42, 43, 44, 45, 47, 48, 49, 50, 51], "excluded_lines": []}, "test_render_fail_schema": {"executed_lines": [55, 56, 58, 67, 68], "summary": {"covered_lines": 5, "num_statements": 5, "percent_covered": 100.0, "percent_covered_display": "100", "missing_lines": 0, "excluded_lines": 0}, "missing_lines": [], "excluded_lines": []}, "test_render_fail_corrupt_json": {"executed_lines": [72, 73, 75, 84, 85], "summary": {"covered_lines": 5, "num_statements": 5, "percent_covered": 100.0, "percent_covered_display": "100", "missing_lines": 0, "excluded_lines": 0}, "missing_lines": [], "excluded_lines": []}, "": {"executed_lines": [8, 9, 10, 11, 12, 15, 16, 17, 20, 21, 23, 53, 70], "summary": {"covered_lines": 13, "num_statements": 13, "percent_covered": 100.0, "percent_covered_display": "100", "missing_lines": 0, "excluded_lines": 0}, "missing_lines": [], "excluded_lines": []}}, "classes": {"": {"executed_lines": [8, 9, 10, 11, 12, 15, 16, 17, 20, 21, 23, 25, 26, 28, 37, 53, 55, 56, 58, 67, 68, 70, 72, 73, 75, 84, 85], "summary": {"covered_lines": 27, "num_statements": 39, "percent_covered": 69.23076923076923, "percent_covered_display": "69", "missing_lines": 12, "excluded_lines": 0}, "missing_lines": [38, 39, 41, 42, 43, 44, 45, 47, 48, 49, 50, 51], "excluded_lines": []}}}, "tests/test_telemetry.py": {"executed_lines": [7, 8, 9, 10, 11, 14, 16, 17, 18, 19, 20, 21, 22, 24, 26, 27, 30, 31, 32, 34, 35, 36, 37, 39, 41, 42, 44, 45, 46, 47, 49, 50, 53, 55, 56, 58, 59, 60, 61, 63, 67, 69, 72, 73, 74, 75, 76], "summary": {"covered_lines": 47, "num_statements": 51, "percent_covered": 92.15686274509804, "percent_covered_display": "92", "missing_lines": 4, "excluded_lines": 0}, "missing_lines": [51, 64, 65, 70], "excluded_lines": [], "functions": {"telemetry_module": {"executed_lines": [18, 19, 20, 21, 22], "summary": {"covered_lines": 5, "num_statements": 5, "percent_covered": 100.0, "percent_covered_display": "100", "missing_lines": 0, "excluded_lines": 0}, "missing_lines": [], "excluded_lines": []}, "test_log_file_written": {"executed_lines": [26, 27, 30, 31, 32, 34, 35, 36, 37], "summary": {"covered_lines": 9, "num_statements": 9, "percent_covered": 100.0, "percent_covered_display": "100", "missing_lines": 0, "excluded_lines": 0}, "missing_lines": [], "excluded_lines": []}, "test_log_message_timestamp_format": {"executed_lines": [41, 42, 44, 45, 46, 47, 49, 50], "summary": {"covered_lines": 8, "num_statements": 9, "percent_covered": 88.88888888888889, "percent_covered_display": "89", "missing_lines": 1, "excluded_lines": 0}, "missing_lines": [51], "excluded_lines": []}, "test_multi_line_message_support": {"executed_lines": [55, 56, 58, 59, 60, 61, 63], "summary": {"covered_lines": 7, "num_statements": 9, "percent_covered": 77.77777777777777, "percent_covered_display": "78", "missing_lines": 2, "excluded_lines": 0}, "missing_lines": [64, 65], "excluded_lines": []}, "test_log_to_temp_override": {"executed_lines": [69, 72, 73, 74, 75, 76], "summary": {"covered_lines": 6, "num_statements": 7, "percent_covered": 85.71428571428571, "percent_covered_display": "86", "missing_lines": 1, "excluded_lines": 0}, "missing_lines": [70], "excluded_lines": []}, "": {"executed_lines": [7, 8, 9, 10, 11, 14, 16, 17, 24, 39, 53, 67], "summary": {"covered_lines": 12, "num_statements": 12, "percent_covered": 100.0, "percent_covered_display": "100", "missing_lines": 0, "excluded_lines": 0}, "missing_lines": [], "excluded_lines": []}}, "classes": {"": {"executed_lines": [7, 8, 9, 10, 11, 14, 16, 17, 18, 19, 20, 21, 22, 24, 26, 27, 30, 31, 32, 34, 35, 36, 37, 39, 41, 42, 44, 45, 46, 47, 49, 50, 53, 55, 56, 58, 59, 60, 61, 63, 67, 69, 72, 73, 74, 75, 76], "summary": {"covered_lines": 47, "num_statements": 51, "percent_covered": 92.15686274509804, "percent_covered_display": "92", "missing_lines": 4, "excluded_lines": 0}, "missing_lines": [51, 64, 65, 70], "excluded_lines": []}}}, "tests/test_vehicle_matrix.py": {"executed_lines": [17, 18, 19, 20, 21, 22, 24, 33, 34, 35, 38, 39, 40, 41, 44, 45], "summary": {"covered_lines": 16, "num_statements": 54, "percent_covered": 29.62962962962963, "percent_covered_display": "30", "missing_lines": 38, "excluded_lines": 0}, "missing_lines": [46, 47, 50, 51, 52, 53, 55, 56, 57, 58, 61, 62, 63, 66, 67, 68, 71, 72, 73, 74, 75, 76, 77, 78, 79, 82, 83, 84, 85, 86, 88, 89, 92, 93, 94, 95, 96, 97], "excluded_lines": [], "functions": {"test_full_vehicle_chain": {"executed_lines": [35, 38, 39, 40, 41, 44, 45], "summary": {"covered_lines": 7, "num_statements": 45, "percent_covered": 15.555555555555555, "percent_covered_display": "16", "missing_lines": 38, "excluded_lines": 0}, "missing_lines": [46, 47, 50, 51, 52, 53, 55, 56, 57, 58, 61, 62, 63, 66, 67, 68, 71, 72, 73, 74, 75, 76, 77, 78, 79, 82, 83, 84, 85, 86, 88, 89, 92, 93, 94, 95, 96, 97], "excluded_lines": []}, "": {"executed_lines": [17, 18, 19, 20, 21, 22, 24, 33, 34], "summary": {"covered_lines": 9, "num_statements": 9, "percent_covered": 100.0, "percent_covered_display": "100", "missing_lines": 0, "excluded_lines": 0}, "missing_lines": [], "excluded_lines": []}}, "classes": {"": {"executed_lines": [17, 18, 19, 20, 21, 22, 24, 33, 34, 35, 38, 39, 40, 41, 44, 45], "summary": {"covered_lines": 16, "num_statements": 54, "percent_covered": 29.62962962962963, "percent_covered_display": "30", "missing_lines": 38, "excluded_lines": 0}, "missing_lines": [46, 47, 50, 51, 52, 53, 55, 56, 57, 58, 61, 62, 63, 66, 67, 68, 71, 72, 73, 74, 75, 76, 77, 78, 79, 82, 83, 84, 85, 86, 88, 89, 92, 93, 94, 95, 96, 97], "excluded_lines": []}}}, "tests/test_zip_delivery_assets.py": {"executed_lines": [7, 8, 9, 10, 12, 13, 14, 22, 23, 28, 30, 33, 35, 42, 44], "summary": {"covered_lines": 15, "num_statements": 32, "percent_covered": 46.875, "percent_covered_display": "47", "missing_lines": 17, "excluded_lines": 0}, "missing_lines": [24, 25, 26, 31, 36, 37, 38, 39, 40, 45, 46, 47, 48, 49, 50, 51, 52], "excluded_lines": [], "functions": {"find_latest_zip": {"executed_lines": [23], "summary": {"covered_lines": 1, "num_statements": 4, "percent_covered": 25.0, "percent_covered_display": "25", "missing_lines": 3, "excluded_lines": 0}, "missing_lines": [24, 25, 26], "excluded_lines": []}, "test_zip_exists": {"executed_lines": [30], "summary": {"covered_lines": 1, "num_statements": 2, "percent_covered": 50.0, "percent_covered_display": "50", "missing_lines": 1, "excluded_lines": 0}, "missing_lines": [31], "excluded_lines": []}, "test_zip_contents_match_expected": {"executed_lines": [35], "summary": {"covered_lines": 1, "num_statements": 6, "percent_covered": 16.666666666666668, "percent_covered_display": "17", "missing_lines": 5, "excluded_lines": 0}, "missing_lines": [36, 37, 38, 39, 40], "excluded_lines": []}, "test_zip_metadata_valid": {"executed_lines": [44], "summary": {"covered_lines": 1, "num_statements": 9, "percent_covered": 11.11111111111111, "percent_covered_display": "11", "missing_lines": 8, "excluded_lines": 0}, "missing_lines": [45, 46, 47, 48, 49, 50, 51, 52], "excluded_lines": []}, "": {"executed_lines": [7, 8, 9, 10, 12, 13, 14, 22, 28, 33, 42], "summary": {"covered_lines": 11, "num_statements": 11, "percent_covered": 100.0, "percent_covered_display": "100", "missing_lines": 0, "excluded_lines": 0}, "missing_lines": [], "excluded_lines": []}}, "classes": {"": {"executed_lines": [7, 8, 9, 10, 12, 13, 14, 22, 23, 28, 30, 33, 35, 42, 44], "summary": {"covered_lines": 15, "num_statements": 32, "percent_covered": 46.875, "percent_covered_display": "47", "missing_lines": 17, "excluded_lines": 0}, "missing_lines": [24, 25, 26, 31, 36, 37, 38, 39, 40, 45, 46, 47, 48, 49, 50, 51, 52], "excluded_lines": []}}}}, "totals": {"covered_lines": 396, "num_statements": 722, "percent_covered": 54.84764542936288, "percent_covered_display": "55", "missing_lines": 326, "excluded_lines": 0}}